2025-03-05 15:44:29,904 - INFO - Connected to WebSocket for Camera 0
2025-03-05 15:44:29,904 - INFO - Connected to WebSocket for Camera 2
2025-03-05 15:44:31,496 - INFO - Connected to WebSocket for Camera 6
2025-03-05 15:44:31,496 - INFO - Connected to WebSocket for Camera 4
2025-03-05 15:54:11,888 - INFO - Disconnected from Camera 4
2025-03-05 15:54:11,898 - ERROR - Task exception was never retrieved
future: <Task finished name='Task-1' coro=<main() done, defined at /home/tech/Desktop/multi_cam_setup/ws-client.py:55> exception=KeyboardInterrupt()>
Traceback (most recent call last):
  File "/home/tech/Desktop/multi_cam_setup/ws-client.py", line 61, in <module>
    asyncio.run(main())
  File "/usr/lib/python3.10/asyncio/runners.py", line 47, in run
    _cancel_all_tasks(loop)
  File "/usr/lib/python3.10/asyncio/runners.py", line 63, in _cancel_all_tasks
    loop.run_until_complete(tasks.gather(*to_cancel, return_exceptions=True))
  File "/usr/lib/python3.10/asyncio/base_events.py", line 636, in run_until_complete
    self.run_forever()
  File "/usr/lib/python3.10/asyncio/base_events.py", line 603, in run_forever
    self._run_once()
  File "/usr/lib/python3.10/asyncio/base_events.py", line 1909, in _run_once
    handle._run()
  File "/usr/lib/python3.10/asyncio/events.py", line 80, in _run
    self._context.run(self._callback, *self._args)
  File "/home/tech/Desktop/multi_cam_setup/ws-client.py", line 58, in main
    await asyncio.gather(*tasks)
  File "/usr/lib/python3.10/asyncio/runners.py", line 44, in run
    return loop.run_until_complete(main)
  File "/usr/lib/python3.10/asyncio/base_events.py", line 636, in run_until_complete
    self.run_forever()
  File "/usr/lib/python3.10/asyncio/base_events.py", line 603, in run_forever
    self._run_once()
  File "/usr/lib/python3.10/asyncio/base_events.py", line 1909, in _run_once
    handle._run()
  File "/usr/lib/python3.10/asyncio/events.py", line 80, in _run
    self._context.run(self._callback, *self._args)
  File "/home/tech/Desktop/multi_cam_setup/ws-client.py", line 45, in receive_stream
    if cv2.waitKey(1) & 0xFF == ord('q'):
KeyboardInterrupt
2025-03-05 15:54:11,899 - INFO - Disconnected from Camera 6
2025-03-05 15:54:11,899 - INFO - Disconnected from Camera 2
2025-03-05 15:54:11,899 - INFO - Disconnected from Camera 0
